{
  "RSpec": {
    "coverage": {
      "/Users/tonklis/git/kairos/spec/support/devise_helpers.rb": [
        1,
        1,
        null,
        1,
        1,
        1,
        null,
        1,
        null,
        null,
        1,
        1,
        1,
        null,
        1,
        null,
        null,
        1,
        1,
        1,
        null,
        null,
        1,
        0,
        0,
        null,
        null,
        1,
        2,
        null,
        null,
        1,
        1,
        1,
        1,
        1,
        1,
        null,
        null,
        null,
        1,
        0,
        0,
        0,
        0,
        null,
        null,
        1,
        0,
        null,
        null,
        null,
        null,
        null
      ],
      "/Users/tonklis/git/kairos/spec/support/driver_helpers.rb": [
        1,
        1,
        1,
        2,
        2,
        2,
        2,
        null,
        null,
        null
      ],
      "/Users/tonklis/git/kairos/spec/controllers/emails_controller_spec.rb": [
        1,
        null,
        1,
        null,
        null
      ],
      "/Users/tonklis/git/kairos/spec/rails_helper.rb": [
        null,
        1,
        1,
        null,
        1,
        1,
        1,
        null,
        null,
        null,
        null,
        null,
        null,
        null,
        null,
        null,
        null,
        null,
        null,
        null,
        null,
        null,
        null,
        null,
        null,
        null,
        1,
        null,
        1,
        null,
        1,
        null,
        null,
        null,
        null,
        1,
        null,
        null,
        null,
        null,
        null,
        null,
        null,
        null,
        null,
        null,
        null,
        null,
        null,
        null,
        1,
        null,
        null,
        1,
        null,
        null,
        null
      ],
      "/Users/tonklis/git/kairos/app/controllers/emails_controller.rb": [
        1,
        null
      ],
      "/Users/tonklis/git/kairos/spec/controllers/roles_controller_spec.rb": [
        1,
        null,
        1,
        null,
        null
      ],
      "/Users/tonklis/git/kairos/app/controllers/roles_controller.rb": [
        1,
        null
      ],
      "/Users/tonklis/git/kairos/spec/controllers/user_controller_spec.rb": [
        1,
        1,
        1,
        null,
        3,
        null,
        1,
        null,
        1,
        null,
        1,
        null,
        1,
        1,
        1,
        1,
        1,
        1,
        1,
        null,
        null,
        null,
        1,
        null,
        1,
        null,
        1,
        1,
        null,
        1,
        1,
        1,
        null,
        1,
        null,
        2,
        null,
        1,
        null,
        null,
        null,
        null,
        null
      ],
      "/Users/tonklis/git/kairos/spec/decorators/email_decorator_spec.rb": [
        1,
        null,
        1,
        null
      ],
      "/Users/tonklis/git/kairos/app/decorators/email_decorator.rb": [
        1,
        1,
        null,
        null,
        null,
        null,
        null,
        null,
        null,
        null,
        null,
        null,
        null
      ],
      "/Users/tonklis/git/kairos/spec/decorators/role_decorator_spec.rb": [
        1,
        null,
        1,
        null
      ],
      "/Users/tonklis/git/kairos/app/decorators/role_decorator.rb": [
        1,
        1,
        null,
        null,
        null,
        null,
        null,
        null,
        null,
        null,
        null,
        null,
        null
      ],
      "/Users/tonklis/git/kairos/app/controllers/sessions_controller.rb": [
        1,
        1,
        1,
        null,
        1,
        null,
        1,
        null,
        1,
        1,
        1,
        1,
        1,
        1,
        1,
        null,
        0,
        0,
        null,
        null,
        0,
        0,
        0,
        null,
        null,
        null,
        1,
        0,
        0,
        0,
        null,
        0,
        0,
        0,
        null,
        null,
        null,
        null,
        null
      ],
      "/Users/tonklis/git/kairos/app/serializers/error_serializer.rb": [
        1,
        null,
        1,
        0,
        null,
        0,
        0,
        0,
        0,
        null,
        0,
        0,
        null,
        null,
        null,
        null
      ],
      "/Users/tonklis/git/kairos/app/models/ability.rb": [
        1,
        1,
        null,
        1,
        3,
        null,
        null,
        null
      ],
      "/Users/tonklis/git/kairos/app/serializers/user_serializer.rb": [
        1,
        1,
        null
      ],
      "/Users/tonklis/git/kairos/app/controllers/registrations_controller.rb": [
        1,
        1,
        null,
        1,
        null,
        1,
        null,
        1,
        1,
        null,
        null,
        1,
        1,
        1,
        1,
        1,
        1,
        1,
        1,
        1,
        1,
        1,
        null,
        0,
        0,
        null,
        null,
        null,
        null
      ],
      "/Users/tonklis/git/kairos/app/jobs/send_email_job.rb": [
        1,
        1,
        null,
        1,
        1,
        1,
        0,
        0,
        1,
        1,
        null,
        null,
        null
      ],
      "/Users/tonklis/git/kairos/app/mailers/kairos_mailer.rb": [
        1,
        1,
        null,
        1,
        0,
        0,
        null,
        null,
        null
      ]
    },
    "timestamp": 1520985051
  }
}
